<?xml version="1.0" encoding="UTF-8"?>
<!-- Generated by org.testng.reporters.JUnitReportReporter -->
<testsuite hostname="shimo" name="test.flatmanager.interfacemanager.test1" tests="1" failures="0" timestamp="13 Nov 2019 11:21:23 GMT" time="2.221" errors="0">
  <testcase name="test2" time="2.221" classname="test.flatmanager.interfacemanager.test1"/>
</testsuite> <!-- test.flatmanager.interfacemanager.test2 -->
