<?xml version="1.0" encoding="UTF-8"?>
<!-- Generated by org.testng.reporters.JUnitReportReporter -->
<testsuite hostname="shimo" name="test.flatmanager.interfacemanager.test1" tests="1" failures="0" timestamp="13 Nov 2019 09:06:36 GMT" time="2.230" errors="0">
  <testcase name="test1" time="2.230" classname="test.flatmanager.interfacemanager.test1"/>
</testsuite> <!-- test.flatmanager.usermanager.test1 -->
